<?xml version="1.0" encoding="UTF-8"?>
<testsuite xmlns:xsi="http://www.w3.org/2001/XMLSchema-instance" xsi:noNamespaceSchemaLocation="https://maven.apache.org/surefire/maven-surefire-plugin/xsd/surefire-test-report-3.0.xsd" version="3.0" name="com.jefecame.dreams.service.ClienteServiceTest" time="0.9" tests="20" errors="1" skipped="0" failures="1">
  <properties>
    <property name="java.specification.version" value="21"/>
    <property name="sun.cpu.isalist" value="amd64"/>
    <property name="sun.jnu.encoding" value="UTF-8"/>
    <property name="java.class.path" value="C:\Users\jefec\Workspace\dreams\target\test-classes;C:\Users\jefec\Workspace\dreams\target\classes;C:\Users\jefec\.m2\repository\org\slf4j\slf4j-api\2.0.9\slf4j-api-2.0.9.jar;C:\Users\jefec\.m2\repository\ch\qos\logback\logback-classic\1.4.11\logback-classic-1.4.11.jar;C:\Users\jefec\.m2\repository\ch\qos\logback\logback-core\1.4.11\logback-core-1.4.11.jar;C:\Users\jefec\.m2\repository\com\fasterxml\jackson\core\jackson-databind\2.15.2\jackson-databind-2.15.2.jar;C:\Users\jefec\.m2\repository\com\fasterxml\jackson\core\jackson-annotations\2.15.2\jackson-annotations-2.15.2.jar;C:\Users\jefec\.m2\repository\com\fasterxml\jackson\core\jackson-core\2.15.2\jackson-core-2.15.2.jar;C:\Users\jefec\.m2\repository\org\junit\jupiter\junit-jupiter\5.10.0\junit-jupiter-5.10.0.jar;C:\Users\jefec\.m2\repository\org\junit\jupiter\junit-jupiter-api\5.10.0\junit-jupiter-api-5.10.0.jar;C:\Users\jefec\.m2\repository\org\opentest4j\opentest4j\1.3.0\opentest4j-1.3.0.jar;C:\Users\jefec\.m2\repository\org\junit\platform\junit-platform-commons\1.10.0\junit-platform-commons-1.10.0.jar;C:\Users\jefec\.m2\repository\org\apiguardian\apiguardian-api\1.1.2\apiguardian-api-1.1.2.jar;C:\Users\jefec\.m2\repository\org\junit\jupiter\junit-jupiter-params\5.10.0\junit-jupiter-params-5.10.0.jar;C:\Users\jefec\.m2\repository\org\junit\jupiter\junit-jupiter-engine\5.10.0\junit-jupiter-engine-5.10.0.jar;C:\Users\jefec\.m2\repository\org\junit\platform\junit-platform-engine\1.10.0\junit-platform-engine-1.10.0.jar;C:\Users\jefec\.m2\repository\org\mockito\mockito-core\5.5.0\mockito-core-5.5.0.jar;C:\Users\jefec\.m2\repository\net\bytebuddy\byte-buddy\1.14.6\byte-buddy-1.14.6.jar;C:\Users\jefec\.m2\repository\net\bytebuddy\byte-buddy-agent\1.14.6\byte-buddy-agent-1.14.6.jar;C:\Users\jefec\.m2\repository\org\objenesis\objenesis\3.3\objenesis-3.3.jar;C:\Users\jefec\.m2\repository\org\assertj\assertj-core\3.24.2\assertj-core-3.24.2.jar;"/>
    <property name="java.vm.vendor" value="Eclipse Adoptium"/>
    <property name="sun.arch.data.model" value="64"/>
    <property name="user.variant" value=""/>
    <property name="java.vendor.url" value="https://adoptium.net/"/>
    <property name="user.timezone" value="America/Hermosillo"/>
    <property name="os.name" value="Windows 11"/>
    <property name="java.vm.specification.version" value="21"/>
    <property name="sun.java.launcher" value="SUN_STANDARD"/>
    <property name="user.country" value="MX"/>
    <property name="sun.boot.library.path" value="C:\Program Files\Eclipse Adoptium\jdk-21.0.7.6-hotspot\bin"/>
    <property name="sun.java.command" value="C:\Users\jefec\AppData\Local\Temp\surefire17909366164370223640\surefirebooter-20250822192953618_3.jar C:\Users\jefec\AppData\Local\Temp\surefire17909366164370223640 2025-08-22T19-29-53_252-jvmRun1 surefire-20250822192953618_1tmp surefire_0-20250822192953618_2tmp"/>
    <property name="jdk.debug" value="release"/>
    <property name="surefire.test.class.path" value="C:\Users\jefec\Workspace\dreams\target\test-classes;C:\Users\jefec\Workspace\dreams\target\classes;C:\Users\jefec\.m2\repository\org\slf4j\slf4j-api\2.0.9\slf4j-api-2.0.9.jar;C:\Users\jefec\.m2\repository\ch\qos\logback\logback-classic\1.4.11\logback-classic-1.4.11.jar;C:\Users\jefec\.m2\repository\ch\qos\logback\logback-core\1.4.11\logback-core-1.4.11.jar;C:\Users\jefec\.m2\repository\com\fasterxml\jackson\core\jackson-databind\2.15.2\jackson-databind-2.15.2.jar;C:\Users\jefec\.m2\repository\com\fasterxml\jackson\core\jackson-annotations\2.15.2\jackson-annotations-2.15.2.jar;C:\Users\jefec\.m2\repository\com\fasterxml\jackson\core\jackson-core\2.15.2\jackson-core-2.15.2.jar;C:\Users\jefec\.m2\repository\org\junit\jupiter\junit-jupiter\5.10.0\junit-jupiter-5.10.0.jar;C:\Users\jefec\.m2\repository\org\junit\jupiter\junit-jupiter-api\5.10.0\junit-jupiter-api-5.10.0.jar;C:\Users\jefec\.m2\repository\org\opentest4j\opentest4j\1.3.0\opentest4j-1.3.0.jar;C:\Users\jefec\.m2\repository\org\junit\platform\junit-platform-commons\1.10.0\junit-platform-commons-1.10.0.jar;C:\Users\jefec\.m2\repository\org\apiguardian\apiguardian-api\1.1.2\apiguardian-api-1.1.2.jar;C:\Users\jefec\.m2\repository\org\junit\jupiter\junit-jupiter-params\5.10.0\junit-jupiter-params-5.10.0.jar;C:\Users\jefec\.m2\repository\org\junit\jupiter\junit-jupiter-engine\5.10.0\junit-jupiter-engine-5.10.0.jar;C:\Users\jefec\.m2\repository\org\junit\platform\junit-platform-engine\1.10.0\junit-platform-engine-1.10.0.jar;C:\Users\jefec\.m2\repository\org\mockito\mockito-core\5.5.0\mockito-core-5.5.0.jar;C:\Users\jefec\.m2\repository\net\bytebuddy\byte-buddy\1.14.6\byte-buddy-1.14.6.jar;C:\Users\jefec\.m2\repository\net\bytebuddy\byte-buddy-agent\1.14.6\byte-buddy-agent-1.14.6.jar;C:\Users\jefec\.m2\repository\org\objenesis\objenesis\3.3\objenesis-3.3.jar;C:\Users\jefec\.m2\repository\org\assertj\assertj-core\3.24.2\assertj-core-3.24.2.jar;"/>
    <property name="sun.cpu.endian" value="little"/>
    <property name="user.home" value="C:\Users\jefec"/>
    <property name="user.language" value="es"/>
    <property name="java.specification.vendor" value="Oracle Corporation"/>
    <property name="java.version.date" value="2025-04-15"/>
    <property name="java.home" value="C:\Program Files\Eclipse Adoptium\jdk-21.0.7.6-hotspot"/>
    <property name="file.separator" value="\"/>
    <property name="basedir" value="C:\Users\jefec\Workspace\dreams"/>
    <property name="java.vm.compressedOopsMode" value="32-bit"/>
    <property name="line.separator" value="&#10;"/>
    <property name="java.vm.specification.vendor" value="Oracle Corporation"/>
    <property name="java.specification.name" value="Java Platform API Specification"/>
    <property name="surefire.real.class.path" value="C:\Users\jefec\AppData\Local\Temp\surefire17909366164370223640\surefirebooter-20250822192953618_3.jar"/>
    <property name="user.script" value=""/>
    <property name="sun.management.compiler" value="HotSpot 64-Bit Tiered Compilers"/>
    <property name="java.runtime.version" value="21.0.7+6-LTS"/>
    <property name="user.name" value="jefec"/>
    <property name="stdout.encoding" value="UTF-8"/>
    <property name="path.separator" value=";"/>
    <property name="os.version" value="10.0"/>
    <property name="java.runtime.name" value="OpenJDK Runtime Environment"/>
    <property name="file.encoding" value="UTF-8"/>
    <property name="java.vm.name" value="OpenJDK 64-Bit Server VM"/>
    <property name="java.vendor.version" value="Temurin-21.0.7+6"/>
    <property name="localRepository" value="C:\Users\jefec\.m2\repository"/>
    <property name="java.vendor.url.bug" value="https://github.com/adoptium/adoptium-support/issues"/>
    <property name="java.io.tmpdir" value="C:\Users\jefec\AppData\Local\Temp\"/>
    <property name="java.version" value="21.0.7"/>
    <property name="user.dir" value="C:\Users\jefec\Workspace\dreams"/>
    <property name="os.arch" value="amd64"/>
    <property name="java.vm.specification.name" value="Java Virtual Machine Specification"/>
    <property name="sun.os.patch.level" value=""/>
    <property name="native.encoding" value="UTF-8"/>
    <property name="java.library.path" value="C:\Program Files\Eclipse Adoptium\jdk-21.0.7.6-hotspot\bin;C:\WINDOWS\Sun\Java\bin;C:\WINDOWS\system32;C:\WINDOWS;C:\Users\jefec\AppData\Local\Programs\Microsoft VS Code\bin;C:\Program Files\PowerShell\7;c:\Users\jefec\AppData\Local\Programs\cursor\resources\app\bin;C:\Program Files\Eclipse Adoptium\jdk-21.0.7.6-hotspot\bin;C:\Python313\Scripts\;C:\Python313\;C:\WINDOWS\system32;C:\WINDOWS;C:\WINDOWS\System32\Wbem;C:\WINDOWS\System32\WindowsPowerShell\v1.0\;C:\WINDOWS\System32\OpenSSH\;C:\Program Files\Git\cmd;C:\Program Files\nodejs\;C:\ProgramData\chocolatey\bin;C:\Program Files\PowerShell\7\;C:\Program Files\Docker\Docker\resources\bin;C:\Program Files\Cloudflare\Cloudflare WARP\;C:\Users\jefec\AppData\Local\Microsoft\WindowsApps;C:\Users\jefec\AppData\Local\Programs\cursor\resources\app\bin;C:\Users\jefec\AppData\Local\GitHubDesktop\bin;C:\Users\jefec\AppData\Roaming\npm;c:\Users\jefec\AppData\Local\Programs\cursor\resources\app\bin;C:\ProgramData\chocolatey\lib\maven\apache-maven-3.9.11\bin;C:\Users\jefec\AppData\Local\Microsoft\WindowsApps;C:\Users\jefec\AppData\Local\Programs\Microsoft VS Code\bin;C:\Users\jefec\AppData\Local\Programs\cursor\resources\app\bin;C:\Users\jefec\AppData\Local\GitHubDesktop\bin;C:\Users\jefec\AppData\Roaming\npm;."/>
    <property name="java.vm.info" value="mixed mode, sharing"/>
    <property name="stderr.encoding" value="UTF-8"/>
    <property name="java.vendor" value="Eclipse Adoptium"/>
    <property name="java.vm.version" value="21.0.7+6-LTS"/>
    <property name="sun.io.unicode.encoding" value="UnicodeLittle"/>
    <property name="java.class.version" value="65.0"/>
  </properties>
  <testcase name="testClienteServiceCreation" classname="com.jefecame.dreams.service.ClienteServiceTest" time="0.241"/>
  <testcase name="testAgregarClienteValid" classname="com.jefecame.dreams.service.ClienteServiceTest" time="0.178"/>
  <testcase name="testAgregarClienteValidation" classname="com.jefecame.dreams.service.ClienteServiceTest" time="0.008"/>
  <testcase name="testAgregarClienteDuplicateEmail" classname="com.jefecame.dreams.service.ClienteServiceTest" time="0.011"/>
  <testcase name="testEliminarCliente" classname="com.jefecame.dreams.service.ClienteServiceTest" time="0.015"/>
  <testcase name="testEliminarClienteNotFound" classname="com.jefecame.dreams.service.ClienteServiceTest" time="0.004"/>
  <testcase name="testBuscarCliente" classname="com.jefecame.dreams.service.ClienteServiceTest" time="0.005"/>
  <testcase name="testObtenerTodosLosClientes" classname="com.jefecame.dreams.service.ClienteServiceTest" time="0.006"/>
  <testcase name="testObtenerClientesActivos" classname="com.jefecame.dreams.service.ClienteServiceTest" time="0.028"/>
  <testcase name="testActualizarClienteValid" classname="com.jefecame.dreams.service.ClienteServiceTest" time="0.016"/>
  <testcase name="testActualizarClienteValidation" classname="com.jefecame.dreams.service.ClienteServiceTest" time="0.007"/>
  <testcase name="testActualizarClienteDuplicateEmail" classname="com.jefecame.dreams.service.ClienteServiceTest" time="0.004"/>
  <testcase name="testActualizarClienteNotFound" classname="com.jefecame.dreams.service.ClienteServiceTest" time="0.012"/>
  <testcase name="testDesactivarCliente" classname="com.jefecame.dreams.service.ClienteServiceTest" time="0.031"/>
  <testcase name="testDesactivarClienteNotFound" classname="com.jefecame.dreams.service.ClienteServiceTest" time="0.012"/>
  <testcase name="testReactivarCliente" classname="com.jefecame.dreams.service.ClienteServiceTest" time="0.055"/>
  <testcase name="testReactivarClienteNotFound" classname="com.jefecame.dreams.service.ClienteServiceTest" time="0.008"/>
  <testcase name="testEmailValidation" classname="com.jefecame.dreams.service.ClienteServiceTest" time="0.114">
    <failure message="Should reject invalid email: user..name@domain.com ==&gt; Expected java.lang.IllegalArgumentException to be thrown, but nothing was thrown." type="org.opentest4j.AssertionFailedError"><![CDATA[org.opentest4j.AssertionFailedError: Should reject invalid email: user..name@domain.com ==> Expected java.lang.IllegalArgumentException to be thrown, but nothing was thrown.
	at org.junit.jupiter.api.AssertionFailureBuilder.build(AssertionFailureBuilder.java:152)
	at org.junit.jupiter.api.AssertThrows.assertThrows(AssertThrows.java:73)
	at org.junit.jupiter.api.AssertThrows.assertThrows(AssertThrows.java:39)
	at org.junit.jupiter.api.Assertions.assertThrows(Assertions.java:3127)
	at com.jefecame.dreams.service.ClienteServiceTest.testEmailValidation(ClienteServiceTest.java:387)
	at java.base/java.lang.reflect.Method.invoke(Method.java:580)
	at java.base/java.util.ArrayList.forEach(ArrayList.java:1596)
	at java.base/java.util.ArrayList.forEach(ArrayList.java:1596)
]]></failure>
  </testcase>
  <testcase name="testEdgeCases" classname="com.jefecame.dreams.service.ClienteServiceTest" time="0.01">
    <error message="El formato del email no es válido" type="java.lang.IllegalArgumentException"><![CDATA[java.lang.IllegalArgumentException: El formato del email no es válido
	at com.jefecame.dreams.service.ClienteService.agregarCliente(ClienteService.java:54)
	at com.jefecame.dreams.service.ClienteServiceTest.testEdgeCases(ClienteServiceTest.java:401)
	at java.base/java.lang.reflect.Method.invoke(Method.java:580)
	at java.base/java.util.ArrayList.forEach(ArrayList.java:1596)
	at java.base/java.util.ArrayList.forEach(ArrayList.java:1596)
]]></error>
  </testcase>
  <testcase name="testCompleteWorkflow" classname="com.jefecame.dreams.service.ClienteServiceTest" time="0.015"/>
</testsuite>